# JRE version: Java(TM) SE Runtime Environment (17.0.11+7) (build 17.0.11+7-LTS-207)
# Java VM: Java HotSpot(TM) 64-Bit Server VM (17.0.11+7-LTS-207, mixed mode, sharing, tiered, compressed oops, compressed class ptrs, g1 gc, windows-amd64)
GC Precious Log:
 CPUs: 16 total, 16 available
 Memory: 16024M
 Large Page Support: Disabled
 NUMA Support: Disabled
 Compressed Oops: Enabled (Zero based)
 Heap Region Size: 2M
 Heap Min Capacity: 8M
 Heap Initial Capacity: 252M
 Heap Max Capacity: 4008M
 Pre-touch: Disabled
 Parallel Workers: 13
 Concurrent Workers: 3
 Concurrent Refinement Workers: 13
 Periodic GC: Disabled
Heap:
 garbage-first heap   total 159744K, used 69212K [0x0000000705800000, 0x0000000800000000)
  region size 2048K, 9 young (18432K), 2 survivors (4096K)
 Metaspace       used 34280K, committed 34688K, reserved 1114112K
  class space    used 3889K, committed 4032K, reserved 1048576K
GC Heap History (20 events):
Event: 0.878 GC heap before
{Heap before GC invocations=1 (full 0):
 garbage-first heap   total 258048K, used 38597K [0x0000000705800000, 0x0000000800000000)
  region size 2048K, 19 young (38912K), 2 survivors (4096K)
 Metaspace       used 9588K, committed 9792K, reserved 1114112K
  class space    used 1144K, committed 1280K, reserved 1048576K
}
Event: 0.881 GC heap after
{Heap after GC invocations=2 (full 0):
 garbage-first heap   total 258048K, used 5170K [0x0000000705800000, 0x0000000800000000)
  region size 2048K, 1 young (2048K), 1 survivors (2048K)
 Metaspace       used 9588K, committed 9792K, reserved 1114112K
  class space    used 1144K, committed 1280K, reserved 1048576K
}
Event: 2.783 GC heap before
{Heap before GC invocations=2 (full 0):
 garbage-first heap   total 258048K, used 142386K [0x0000000705800000, 0x0000000800000000)
  region size 2048K, 69 young (141312K), 1 survivors (2048K)
 Metaspace       used 21227K, committed 21504K, reserved 1114112K
  class space    used 2463K, committed 2560K, reserved 1048576K
}
Event: 2.790 GC heap after
{Heap after GC invocations=3 (full 0):
 garbage-first heap   total 258048K, used 13595K [0x0000000705800000, 0x0000000800000000)
  region size 2048K, 5 young (10240K), 5 survivors (10240K)
 Metaspace       used 21227K, committed 21504K, reserved 1114112K
  class space    used 2463K, committed 2560K, reserved 1048576K
}
Event: 3.109 GC heap before
{Heap before GC invocations=4 (full 0):
 garbage-first heap   total 55296K, used 36123K [0x0000000705800000, 0x0000000800000000)
  region size 2048K, 16 young (32768K), 5 survivors (10240K)
 Metaspace       used 25741K, committed 25984K, reserved 1114112K
  class space    used 2957K, committed 3072K, reserved 1048576K
}
Event: 3.118 GC heap after
{Heap after GC invocations=5 (full 0):
 garbage-first heap   total 57344K, used 23504K [0x0000000705800000, 0x0000000800000000)
  region size 2048K, 2 young (4096K), 2 survivors (4096K)
 Metaspace       used 25741K, committed 25984K, reserved 1114112K
  class space    used 2957K, committed 3072K, reserved 1048576K
}
Event: 3.141 GC heap before
{Heap before GC invocations=5 (full 0):
 garbage-first heap   total 57344K, used 25552K [0x0000000705800000, 0x0000000800000000)
  region size 2048K, 3 young (6144K), 2 survivors (4096K)
 Metaspace       used 25748K, committed 26048K, reserved 1114112K
  class space    used 2957K, committed 3072K, reserved 1048576K
}
Event: 3.145 GC heap after
{Heap after GC invocations=6 (full 0):
 garbage-first heap   total 57344K, used 25423K [0x0000000705800000, 0x0000000800000000)
  region size 2048K, 1 young (2048K), 1 survivors (2048K)
 Metaspace       used 25748K, committed 26048K, reserved 1114112K
  class space    used 2957K, committed 3072K, reserved 1048576K
}
Event: 3.204 GC heap before
{Heap before GC invocations=6 (full 0):
 garbage-first heap   total 57344K, used 39759K [0x0000000705800000, 0x0000000800000000)
  region size 2048K, 8 young (16384K), 1 survivors (2048K)
 Metaspace       used 25761K, committed 26048K, reserved 1114112K
  class space    used 2957K, committed 3072K, reserved 1048576K
}
Event: 3.207 GC heap after
{Heap after GC invocations=7 (full 0):
 garbage-first heap   total 57344K, used 31292K [0x0000000705800000, 0x0000000800000000)
  region size 2048K, 1 young (2048K), 1 survivors (2048K)
 Metaspace       used 25761K, committed 26048K, reserved 1114112K
  class space    used 2957K, committed 3072K, reserved 1048576K
}
Event: 3.291 GC heap before
{Heap before GC invocations=7 (full 0):
 garbage-first heap   total 57344K, used 39484K [0x0000000705800000, 0x0000000800000000)
  region size 2048K, 5 young (10240K), 1 survivors (2048K)
 Metaspace       used 26255K, committed 26560K, reserved 1114112K
  class space    used 3018K, committed 3136K, reserved 1048576K
}
Event: 3.294 GC heap after
{Heap after GC invocations=8 (full 0):
 garbage-first heap   total 157696K, used 33367K [0x0000000705800000, 0x0000000800000000)
  region size 2048K, 1 young (2048K), 1 survivors (2048K)
 Metaspace       used 26255K, committed 26560K, reserved 1114112K
  class space    used 3018K, committed 3136K, reserved 1048576K
}
Event: 3.973 GC heap before
{Heap before GC invocations=9 (full 0):
 garbage-first heap   total 122880K, used 96855K [0x0000000705800000, 0x0000000800000000)
  region size 2048K, 33 young (67584K), 1 survivors (2048K)
 Metaspace       used 29423K, committed 29824K, reserved 1114112K
  class space    used 3364K, committed 3520K, reserved 1048576K
}
Event: 3.984 GC heap after
{Heap after GC invocations=10 (full 0):
 garbage-first heap   total 122880K, used 46411K [0x0000000705800000, 0x0000000800000000)
  region size 2048K, 5 young (10240K), 5 survivors (10240K)
 Metaspace       used 29423K, committed 29824K, reserved 1114112K
  class space    used 3364K, committed 3520K, reserved 1048576K
}
Event: 4.243 GC heap before
{Heap before GC invocations=10 (full 0):
 garbage-first heap   total 122880K, used 77131K [0x0000000705800000, 0x0000000800000000)
  region size 2048K, 21 young (43008K), 5 survivors (10240K)
 Metaspace       used 29969K, committed 30336K, reserved 1114112K
  class space    used 3415K, committed 3584K, reserved 1048576K
}
Event: 4.252 GC heap after
{Heap after GC invocations=11 (full 0):
 garbage-first heap   total 122880K, used 55752K [0x0000000705800000, 0x0000000800000000)
  region size 2048K, 3 young (6144K), 3 survivors (6144K)
 Metaspace       used 29969K, committed 30336K, reserved 1114112K
  class space    used 3415K, committed 3584K, reserved 1048576K
}
Event: 4.531 GC heap before
{Heap before GC invocations=11 (full 0):
 garbage-first heap   total 122880K, used 82376K [0x0000000705800000, 0x0000000800000000)
  region size 2048K, 17 young (34816K), 3 survivors (6144K)
 Metaspace       used 31272K, committed 31616K, reserved 1114112K
  class space    used 3574K, committed 3712K, reserved 1048576K
}
Event: 4.537 GC heap after
{Heap after GC invocations=12 (full 0):
 garbage-first heap   total 122880K, used 55711K [0x0000000705800000, 0x0000000800000000)
  region size 2048K, 1 young (2048K), 1 survivors (2048K)
 Metaspace       used 31272K, committed 31616K, reserved 1114112K
  class space    used 3574K, committed 3712K, reserved 1048576K
}
Event: 4.961 GC heap before
{Heap before GC invocations=12 (full 0):
 garbage-first heap   total 122880K, used 86431K [0x0000000705800000, 0x0000000800000000)
  region size 2048K, 16 young (32768K), 1 survivors (2048K)
 Metaspace       used 32705K, committed 33152K, reserved 1114112K
  class space    used 3701K, committed 3904K, reserved 1048576K
}
Event: 4.965 GC heap after
{Heap after GC invocations=13 (full 0):
 garbage-first heap   total 159744K, used 56924K [0x0000000705800000, 0x0000000800000000)
  region size 2048K, 2 young (4096K), 2 survivors (4096K)
 Metaspace       used 32705K, committed 33152K, reserved 1114112K
  class space    used 3701K, committed 3904K, reserved 1048576K
}

