<?xml version="1.0" encoding="UTF-8"?>
<!-- Generated by org.testng.reporters.JUnitXMLReporter -->
<testsuite ignored="0" hostname="Manasa" failures="1" tests="2" name="Surefire test" time="9.253" errors="0" timestamp="2025-07-24T14:44:11 CEST">
  <testcase classname="io.cucumber.testng.AbstractTestNGCucumberTests" name="runScenario" time="4.927"/>
  <testcase classname="io.cucumber.testng.AbstractTestNGCucumberTests" name="runScenario" time="2.969">
    <failure type="java.lang.AssertionError" message="Navigated to checkout without adding any items expected [true] but found [false]">
      <![CDATA[java.lang.AssertionError: Navigated to checkout without adding any items expected [true] but found [false]
at stepDefinitions.LoginSteps.userDoNotAddProductToCartAndPlaceOrder(LoginSteps.java:87)
at ✽.User do not add product to cart and place order(file:///E:/Manasa/Interview/Selenium_Java_Automation/Exact_Automation_Assesment/src/test/resources/features/Testing.feature:21)
... Removed 3 stack frames]]>
    </failure>
  </testcase> <!-- runScenario -->
</testsuite> <!-- Surefire test -->
